<?xml version="1.0" encoding="UTF-8"?>
<testng-results skipped="0" failed="0" ignored="0" total="1" passed="1">
  <reporter-output>
  </reporter-output>
  <suite name="Default suite" duration-ms="55" started-at="2018-11-11T04:38:59Z" finished-at="2018-11-11T04:38:59Z">
    <groups>
    </groups>
    <test name="Default test" duration-ms="55" started-at="2018-11-11T04:38:59Z" finished-at="2018-11-11T04:38:59Z">
      <class name="TestNgOne">
        <test-method status="PASS" signature="demo()[pri:0, instance:TestNgOne@48eff760]" name="demo" duration-ms="20" started-at="2018-11-11T04:38:59Z" finished-at="2018-11-11T04:38:59Z">
          <reporter-output>
          </reporter-output>
        </test-method> <!-- demo -->
      </class> <!-- TestNgOne -->
    </test> <!-- Default test -->
  </suite> <!-- Default suite -->
</testng-results>
